<!DOCTYPE html>
<html>
<head>
<meta http-equiv="Content-Type" content="text/html; charset=utf-8"/>
<meta http-equiv="x-ua-compatible" content="IE=edge"/>
<title>Test results - Class com.marklogic.semantics.sesame.MarkLogicRepositoryConnectionTest</title>
<link href="../css/base-style.css" rel="stylesheet" type="text/css"/>
<link href="../css/style.css" rel="stylesheet" type="text/css"/>
<script src="../js/report.js" type="text/javascript"></script>
</head>
<body>
<div id="content">
<h1>Class com.marklogic.semantics.sesame.MarkLogicRepositoryConnectionTest</h1>
<div class="breadcrumbs">
<a href="../index.html">all</a> &gt; 
<a href="../packages/com.marklogic.semantics.sesame.html">com.marklogic.semantics.sesame</a> &gt; MarkLogicRepositoryConnectionTest</div>
<div id="summary">
<table>
<tr>
<td>
<div class="summaryGroup">
<table>
<tr>
<td>
<div class="infoBox" id="tests">
<div class="counter">52</div>
<p>tests</p>
</div>
</td>
<td>
<div class="infoBox" id="failures">
<div class="counter">0</div>
<p>failures</p>
</div>
</td>
<td>
<div class="infoBox" id="ignored">
<div class="counter">0</div>
<p>ignored</p>
</div>
</td>
<td>
<div class="infoBox" id="duration">
<div class="counter">1m32.30s</div>
<p>duration</p>
</div>
</td>
</tr>
</table>
</div>
</td>
<td>
<div class="infoBox success" id="successRate">
<div class="percent">100%</div>
<p>successful</p>
</div>
</td>
</tr>
</table>
</div>
<div id="tabs">
<ul class="tabLinks">
<li>
<a href="#tab0">Tests</a>
</li>
<li>
<a href="#tab1">Standard output</a>
</li>
</ul>
<div id="tab0" class="tab">
<h2>Tests</h2>
<table>
<thead>
<tr>
<th>Test</th>
<th>Duration</th>
<th>Result</th>
</tr>
</thead>
<tr>
<td class="success">exportEmptyStore</td>
<td>1.535s</td>
<td class="success">passed</td>
</tr>
<tr>
<td class="success">testActive</td>
<td>0.518s</td>
<td class="success">passed</td>
</tr>
<tr>
<td class="success">testAddDeleteInsertWithTransaction</td>
<td>1.094s</td>
<td class="success">passed</td>
</tr>
<tr>
<td class="success">testAddNQuads</td>
<td>2.908s</td>
<td class="success">passed</td>
</tr>
<tr>
<td class="success">testAddNquadWithInputStream</td>
<td>3.045s</td>
<td class="success">passed</td>
</tr>
<tr>
<td class="success">testAddRemoveInsert</td>
<td>1.746s</td>
<td class="success">passed</td>
</tr>
<tr>
<td class="success">testAddRemoveStatementWithMultipleContext</td>
<td>3.413s</td>
<td class="success">passed</td>
</tr>
<tr>
<td class="success">testAddStatements</td>
<td>1.662s</td>
<td class="success">passed</td>
</tr>
<tr>
<td class="success">testAddTrigWithURL</td>
<td>7.143s</td>
<td class="success">passed</td>
</tr>
<tr>
<td class="success">testAddTurtle</td>
<td>2.207s</td>
<td class="success">passed</td>
</tr>
<tr>
<td class="success">testAddTurtleWithDefaultContext</td>
<td>0.681s</td>
<td class="success">passed</td>
</tr>
<tr>
<td class="success">testAddTurtleWithNullContext</td>
<td>2.004s</td>
<td class="success">passed</td>
</tr>
<tr>
<td class="success">testAddWithInputStream</td>
<td>1.082s</td>
<td class="success">passed</td>
</tr>
<tr>
<td class="success">testAddWithNullContext</td>
<td>0.957s</td>
<td class="success">passed</td>
</tr>
<tr>
<td class="success">testClearAll</td>
<td>1.710s</td>
<td class="success">passed</td>
</tr>
<tr>
<td class="success">testClearSome</td>
<td>2.867s</td>
<td class="success">passed</td>
</tr>
<tr>
<td class="success">testClearWithContext</td>
<td>2.228s</td>
<td class="success">passed</td>
</tr>
<tr>
<td class="success">testCompareSizeAWithNullContext</td>
<td>1.303s</td>
<td class="success">passed</td>
</tr>
<tr>
<td class="success">testContextIDs</td>
<td>2.158s</td>
<td class="success">passed</td>
</tr>
<tr>
<td class="success">testExportStatements</td>
<td>2.444s</td>
<td class="success">passed</td>
</tr>
<tr>
<td class="success">testExportStatementsAllNull</td>
<td>1.633s</td>
<td class="success">passed</td>
</tr>
<tr>
<td class="success">testGetStatement1</td>
<td>2.241s</td>
<td class="success">passed</td>
</tr>
<tr>
<td class="success">testGetStatementIsEqualToSize</td>
<td>1.856s</td>
<td class="success">passed</td>
</tr>
<tr>
<td class="success">testGetStatementReturnCorrectContext</td>
<td>1.666s</td>
<td class="success">passed</td>
</tr>
<tr>
<td class="success">testGetStatementWithMultipleContexts</td>
<td>2.330s</td>
<td class="success">passed</td>
</tr>
<tr>
<td class="success">testGetStatementWithNullContext</td>
<td>1.835s</td>
<td class="success">passed</td>
</tr>
<tr>
<td class="success">testGetStatements</td>
<td>1.207s</td>
<td class="success">passed</td>
</tr>
<tr>
<td class="success">testGetStatementsEmpty</td>
<td>1.269s</td>
<td class="success">passed</td>
</tr>
<tr>
<td class="success">testHasStatement</td>
<td>2.495s</td>
<td class="success">passed</td>
</tr>
<tr>
<td class="success">testHasStatement2</td>
<td>2.305s</td>
<td class="success">passed</td>
</tr>
<tr>
<td class="success">testLiterals</td>
<td>1.621s</td>
<td class="success">passed</td>
</tr>
<tr>
<td class="success">testLiteralsWithNonexistantLangTag</td>
<td>0.466s</td>
<td class="success">passed</td>
</tr>
<tr>
<td class="success">testMarkLogicRepositoryConnection</td>
<td>0.080s</td>
<td class="success">passed</td>
</tr>
<tr>
<td class="success">testMarkLogicRepositoryConnectionOpen</td>
<td>0.699s</td>
<td class="success">passed</td>
</tr>
<tr>
<td class="success">testModel</td>
<td>2.445s</td>
<td class="success">passed</td>
</tr>
<tr>
<td class="success">testModelWithIterator</td>
<td>2.735s</td>
<td class="success">passed</td>
</tr>
<tr>
<td class="success">testNestedConnections</td>
<td>0.994s</td>
<td class="success">passed</td>
</tr>
<tr>
<td class="success">testOpen</td>
<td>0.001s</td>
<td class="success">passed</td>
</tr>
<tr>
<td class="success">testRemoveStatement</td>
<td>1.587s</td>
<td class="success">passed</td>
</tr>
<tr>
<td class="success">testRemoveStatementIteration</td>
<td>3.410s</td>
<td class="success">passed</td>
</tr>
<tr>
<td class="success">testRemoveWithNullObject</td>
<td>2.200s</td>
<td class="success">passed</td>
</tr>
<tr>
<td class="success">testSizeAWithNullContext</td>
<td>1.313s</td>
<td class="success">passed</td>
</tr>
<tr>
<td class="success">testSizeWithEmptyGraph</td>
<td>1.513s</td>
<td class="success">passed</td>
</tr>
<tr>
<td class="success">testSizeWithLargerGraph</td>
<td>1.246s</td>
<td class="success">passed</td>
</tr>
<tr>
<td class="success">testSizeWithNull</td>
<td>1.273s</td>
<td class="success">passed</td>
</tr>
<tr>
<td class="success">testSizeWithSmallerGraph</td>
<td>2.266s</td>
<td class="success">passed</td>
</tr>
<tr>
<td class="success">testSizeWithUncastedNull</td>
<td>1.263s</td>
<td class="success">passed</td>
</tr>
<tr>
<td class="success">testStatementWithDefinedContext1</td>
<td>1.620s</td>
<td class="success">passed</td>
</tr>
<tr>
<td class="success">testStatementWithDefinedContext2</td>
<td>1.598s</td>
<td class="success">passed</td>
</tr>
<tr>
<td class="success">testTransaction1</td>
<td>1.210s</td>
<td class="success">passed</td>
</tr>
<tr>
<td class="success">testTransaction2</td>
<td>0.726s</td>
<td class="success">passed</td>
</tr>
<tr>
<td class="success">testTransaction3</td>
<td>0.495s</td>
<td class="success">passed</td>
</tr>
</table>
</div>
<div id="tab1" class="tab">
<h2>Standard output</h2>
<span class="code">
<pre>22:13:38.157 [Test worker] INFO  c.m.s.s.MarkLogicRepositoryConnectionTest - test setup complete.
22:13:40.651 [Test worker] INFO  c.m.s.s.MarkLogicRepositoryConnectionTest - tearDown complete.
22:13:40.664 [Finalizer] INFO  c.m.c.i.DatabaseClientImpl - Releasing connection
22:13:40.665 [Finalizer] INFO  c.m.c.i.DatabaseClientImpl - Releasing connection
22:13:40.666 [Finalizer] INFO  c.m.c.i.DatabaseClientImpl - Releasing connection
22:13:40.666 [Finalizer] INFO  c.m.c.i.DatabaseClientImpl - Releasing connection
22:13:40.775 [Test worker] INFO  c.m.s.s.MarkLogicRepositoryConnectionTest - test setup complete.
22:13:43.079 [Test worker] INFO  c.m.s.s.MarkLogicRepositoryConnectionTest - tearDown complete.
22:13:43.200 [Test worker] INFO  c.m.s.s.MarkLogicRepositoryConnectionTest - test setup complete.
22:13:45.427 [Test worker] INFO  c.m.s.s.MarkLogicRepositoryConnectionTest - tearDown complete.
22:13:45.538 [Test worker] INFO  c.m.s.s.MarkLogicRepositoryConnectionTest - test setup complete.
22:13:47.394 [Test worker] INFO  c.m.s.s.MarkLogicRepositoryConnectionTest - tearDown complete.
22:13:47.448 [Finalizer] INFO  c.m.c.i.DatabaseClientImpl - Releasing connection
22:13:47.448 [Finalizer] INFO  c.m.c.i.DatabaseClientImpl - Releasing connection
22:13:47.449 [Finalizer] INFO  c.m.c.i.DatabaseClientImpl - Releasing connection
22:13:47.525 [Test worker] INFO  c.m.s.s.MarkLogicRepositoryConnectionTest - test setup complete.
22:13:48.771 [Test worker] INFO  c.m.s.s.MarkLogicRepositoryConnectionTest - tearDown complete.
22:13:48.870 [Test worker] INFO  c.m.s.s.MarkLogicRepositoryConnectionTest - test setup complete.
22:13:49.929 [Test worker] INFO  c.m.s.s.MarkLogicRepositoryConnectionTest - hasStatement:true
22:13:49.964 [Test worker] INFO  c.m.s.s.MarkLogicRepositoryConnectionTest - tearDown complete.
22:13:50.070 [Test worker] INFO  c.m.s.s.MarkLogicRepositoryConnectionTest - test setup complete.
22:13:51.280 [Test worker] INFO  c.m.s.s.MarkLogicRepositoryConnectionTest - tearDown complete.
22:13:51.361 [Finalizer] INFO  c.m.c.i.DatabaseClientImpl - Releasing connection
22:13:51.361 [Finalizer] INFO  c.m.c.i.DatabaseClientImpl - Releasing connection
22:13:51.379 [Test worker] INFO  c.m.s.s.MarkLogicRepositoryConnectionTest - test setup complete.
22:13:52.104 [Test worker] INFO  c.m.s.s.MarkLogicRepositoryConnectionTest - tearDown complete.
22:13:52.217 [Test worker] INFO  c.m.s.s.MarkLogicRepositoryConnectionTest - test setup complete.
22:13:52.712 [Test worker] INFO  c.m.s.s.MarkLogicRepositoryConnectionTest - tearDown complete.
22:13:52.818 [Test worker] INFO  c.m.s.s.MarkLogicRepositoryConnectionTest - test setup complete.
null
http://marklogic.com/test/context1
http://marklogic.com/test/context1
null
22:13:54.653 [Test worker] INFO  c.m.s.s.MarkLogicRepositoryConnectionTest - tearDown complete.
22:13:54.745 [Test worker] INFO  c.m.s.s.MarkLogicRepositoryConnectionTest - test setup complete.
22:13:56.014 [Test worker] INFO  c.m.s.s.MarkLogicRepositoryConnectionTest - tearDown complete.
22:13:56.021 [Finalizer] INFO  c.m.c.i.DatabaseClientImpl - Releasing connection
22:13:56.022 [Finalizer] INFO  c.m.c.i.DatabaseClientImpl - Releasing connection
22:13:56.022 [Finalizer] INFO  c.m.c.i.DatabaseClientImpl - Releasing connection
22:13:56.110 [Test worker] INFO  c.m.s.s.MarkLogicRepositoryConnectionTest - test setup complete.
22:13:57.622 [Test worker] INFO  c.m.s.s.MarkLogicRepositoryConnectionTest - tearDown complete.
22:13:57.713 [Test worker] INFO  c.m.s.s.MarkLogicRepositoryConnectionTest - test setup complete.
22:14:00.157 [Test worker] INFO  c.m.s.s.MarkLogicRepositoryConnectionTest - tearDown complete.
22:14:00.247 [Test worker] INFO  c.m.s.s.MarkLogicRepositoryConnectionTest - test setup complete.
22:14:00.697 [Finalizer] INFO  c.m.c.i.DatabaseClientImpl - Releasing connection
22:14:00.698 [Finalizer] INFO  c.m.c.i.DatabaseClientImpl - Releasing connection
22:14:01.240 [Test worker] INFO  c.m.s.s.MarkLogicRepositoryConnectionTest - tearDown complete.
22:14:01.328 [Test worker] INFO  c.m.s.s.MarkLogicRepositoryConnectionTest - test setup complete.
22:14:01.329 [Test worker] INFO  c.m.s.s.MarkLogicRepositoryConnectionTest - tearDown complete.
22:14:01.422 [Test worker] INFO  c.m.s.s.MarkLogicRepositoryConnectionTest - test setup complete.
22:14:03.687 [Test worker] INFO  c.m.s.s.MarkLogicRepositoryConnectionTest - tearDown complete.
22:14:03.767 [Finalizer] INFO  c.m.c.i.DatabaseClientImpl - Releasing connection
22:14:03.767 [Finalizer] INFO  c.m.c.i.DatabaseClientImpl - Releasing connection
22:14:03.767 [Finalizer] INFO  c.m.c.i.DatabaseClientImpl - Releasing connection
22:14:03.783 [Test worker] INFO  c.m.s.s.MarkLogicRepositoryConnectionTest - test setup complete.
22:14:05.414 [Test worker] INFO  c.m.s.s.MarkLogicRepositoryConnectionTest - tearDown complete.
22:14:05.503 [Test worker] INFO  c.m.s.s.MarkLogicRepositoryConnectionTest - test setup complete.
22:14:06.765 [Test worker] INFO  c.m.s.s.MarkLogicRepositoryConnectionTest - tearDown complete.
22:14:06.857 [Test worker] INFO  c.m.s.s.MarkLogicRepositoryConnectionTest - test setup complete.
22:14:09.723 [Test worker] INFO  c.m.s.s.MarkLogicRepositoryConnectionTest - tearDown complete.
22:14:09.790 [Finalizer] INFO  c.m.c.i.DatabaseClientImpl - Releasing connection
22:14:09.790 [Finalizer] INFO  c.m.c.i.DatabaseClientImpl - Releasing connection
22:14:09.815 [Test worker] INFO  c.m.s.s.MarkLogicRepositoryConnectionTest - test setup complete.
22:14:11.972 [Test worker] INFO  c.m.s.s.MarkLogicRepositoryConnectionTest - tearDown complete.
22:14:12.059 [Test worker] INFO  c.m.s.s.MarkLogicRepositoryConnectionTest - test setup complete.
22:14:15.469 [Test worker] INFO  c.m.s.s.MarkLogicRepositoryConnectionTest - tearDown complete.
22:14:15.554 [Test worker] INFO  c.m.s.s.MarkLogicRepositoryConnectionTest - test setup complete.
22:14:17.141 [Test worker] INFO  c.m.s.s.MarkLogicRepositoryConnectionTest - tearDown complete.
22:14:17.188 [Finalizer] INFO  c.m.c.i.DatabaseClientImpl - Releasing connection
22:14:17.232 [Test worker] INFO  c.m.s.s.MarkLogicRepositoryConnectionTest - test setup complete.
22:14:17.532 [Timer-106] WARN  c.m.s.s.c.WriteCacheTimerTask - Exception thrown in other thread, when running writeCacheTimerTask.
22:14:17.536 [Timer-106] WARN  c.m.s.s.c.WriteCacheTimerTask - com.marklogic.semantics.sesame.MarkLogicSesameException: Request to MarkLogic server failed, check input is valid.
com.marklogic.semantics.sesame.MarkLogicSesameException: Request to MarkLogic server failed, check input is valid.
	at com.marklogic.semantics.sesame.client.WriteCacheTimerTask.flush(WriteCacheTimerTask.java:156) ~[main/:na]
	at com.marklogic.semantics.sesame.client.WriteCacheTimerTask.run(WriteCacheTimerTask.java:130) ~[main/:na]
	at java.util.TimerThread.mainLoop(Timer.java:555) [na:1.7.0_71]
	at java.util.TimerThread.run(Timer.java:505) [na:1.7.0_71]
22:14:19.235 [Test worker] INFO  c.m.s.s.MarkLogicRepositoryConnectionTest - tearDown complete.
22:14:19.327 [Test worker] INFO  c.m.s.s.MarkLogicRepositoryConnectionTest - test setup complete.
22:14:20.284 [Test worker] INFO  c.m.s.s.MarkLogicRepositoryConnectionTest - tearDown complete.
22:14:20.373 [Test worker] INFO  c.m.s.s.MarkLogicRepositoryConnectionTest - test setup complete.
22:14:21.071 [Test worker] INFO  c.m.s.s.MarkLogicRepositoryConnectionTest - tearDown complete.
22:14:21.095 [Finalizer] INFO  c.m.c.i.DatabaseClientImpl - Releasing connection
22:14:21.096 [Finalizer] INFO  c.m.c.i.DatabaseClientImpl - Releasing connection
22:14:21.169 [Test worker] INFO  c.m.s.s.MarkLogicRepositoryConnectionTest - test setup complete.
22:14:24.077 [Test worker] INFO  c.m.s.s.MarkLogicRepositoryConnectionTest - tearDown complete.
22:14:24.167 [Test worker] INFO  c.m.s.s.MarkLogicRepositoryConnectionTest - test setup complete.
22:14:25.786 [Test worker] INFO  c.m.s.s.MarkLogicRepositoryConnectionTest - tearDown complete.
22:14:25.862 [Finalizer] INFO  c.m.c.i.DatabaseClientImpl - Releasing connection
22:14:25.862 [Finalizer] INFO  c.m.c.i.DatabaseClientImpl - Releasing connection
22:14:25.875 [Test worker] INFO  c.m.s.s.MarkLogicRepositoryConnectionTest - test setup complete.
22:14:27.473 [Test worker] INFO  c.m.s.s.MarkLogicRepositoryConnectionTest - tearDown complete.
22:14:27.560 [Test worker] INFO  c.m.s.s.MarkLogicRepositoryConnectionTest - test setup complete.
22:14:30.605 [Test worker] INFO  c.m.s.s.MarkLogicRepositoryConnectionTest - tearDown complete.
22:14:30.788 [Test worker] INFO  c.m.s.s.MarkLogicRepositoryConnectionTest - test setup complete.
22:14:32.994 [Test worker] INFO  c.m.s.s.MarkLogicRepositoryConnectionTest - tearDown complete.
22:14:33.045 [Finalizer] INFO  c.m.c.i.DatabaseClientImpl - Releasing connection
22:14:33.045 [Finalizer] INFO  c.m.c.i.DatabaseClientImpl - Releasing connection
22:14:33.138 [Test worker] INFO  c.m.s.s.MarkLogicRepositoryConnectionTest - test setup complete.
22:14:33.218 [Test worker] INFO  c.m.s.s.MarkLogicRepositoryConnectionTest - tearDown complete.
22:14:33.343 [Test worker] INFO  c.m.s.s.MarkLogicRepositoryConnectionTest - test setup complete.
22:14:35.088 [Test worker] INFO  c.m.s.s.MarkLogicRepositoryConnectionTest - tearDown complete.
22:14:35.142 [Finalizer] INFO  c.m.c.i.DatabaseClientImpl - Releasing connection
22:14:35.183 [Test worker] INFO  c.m.s.s.MarkLogicRepositoryConnectionTest - test setup complete.
22:14:36.496 [Test worker] INFO  c.m.s.s.MarkLogicRepositoryConnectionTest - tearDown complete.
22:14:36.584 [Test worker] INFO  c.m.s.s.MarkLogicRepositoryConnectionTest - test setup complete.
22:14:39.997 [Test worker] INFO  c.m.s.s.MarkLogicRepositoryConnectionTest - tearDown complete.
22:14:40.081 [Finalizer] INFO  c.m.c.i.DatabaseClientImpl - Releasing connection
22:14:40.089 [Test worker] INFO  c.m.s.s.MarkLogicRepositoryConnectionTest - test setup complete.
22:14:40.606 [Test worker] INFO  c.m.s.s.MarkLogicRepositoryConnectionTest - tearDown complete.
22:14:40.693 [Test worker] INFO  c.m.s.s.MarkLogicRepositoryConnectionTest - test setup complete.
22:14:43.023 [Test worker] INFO  c.m.s.s.MarkLogicRepositoryConnectionTest - tearDown complete.
22:14:43.109 [Test worker] INFO  c.m.s.s.MarkLogicRepositoryConnectionTest - test setup complete.
22:14:45.348 [Test worker] INFO  c.m.s.s.MarkLogicRepositoryConnectionTest - tearDown complete.
22:14:45.360 [Finalizer] INFO  c.m.c.i.DatabaseClientImpl - Releasing connection
22:14:45.360 [Finalizer] INFO  c.m.c.i.DatabaseClientImpl - Releasing connection
22:14:45.438 [Test worker] INFO  c.m.s.s.MarkLogicRepositoryConnectionTest - test setup complete.
22:14:46.645 [Test worker] INFO  c.m.s.s.MarkLogicRepositoryConnectionTest - tearDown complete.
22:14:46.731 [Test worker] INFO  c.m.s.s.MarkLogicRepositoryConnectionTest - test setup complete.
22:14:48.034 [Test worker] INFO  c.m.s.s.MarkLogicRepositoryConnectionTest - tearDown complete.
22:14:48.061 [Finalizer] INFO  c.m.c.i.DatabaseClientImpl - Releasing connection
22:14:48.061 [Finalizer] INFO  c.m.c.i.DatabaseClientImpl - Releasing connection
22:14:48.125 [Test worker] INFO  c.m.s.s.MarkLogicRepositoryConnectionTest - test setup complete.
22:14:49.834 [Test worker] INFO  c.m.s.s.MarkLogicRepositoryConnectionTest - tearDown complete.
22:14:49.929 [Test worker] INFO  c.m.s.s.MarkLogicRepositoryConnectionTest - test setup complete.
22:14:51.594 [Test worker] INFO  c.m.s.s.MarkLogicRepositoryConnectionTest - tearDown complete.
22:14:51.626 [Finalizer] INFO  c.m.c.i.DatabaseClientImpl - Releasing connection
22:14:51.626 [Finalizer] INFO  c.m.c.i.DatabaseClientImpl - Releasing connection
22:14:51.682 [Test worker] INFO  c.m.s.s.MarkLogicRepositoryConnectionTest - test setup complete.
22:14:54.417 [Test worker] INFO  c.m.s.s.MarkLogicRepositoryConnectionTest - tearDown complete.
22:14:54.504 [Test worker] INFO  c.m.s.s.MarkLogicRepositoryConnectionTest - test setup complete.
22:14:56.166 [Test worker] INFO  c.m.s.s.MarkLogicRepositoryConnectionTest - tearDown complete.
22:14:56.205 [Finalizer] INFO  c.m.c.i.DatabaseClientImpl - Releasing connection
22:14:56.261 [Test worker] INFO  c.m.s.s.MarkLogicRepositoryConnectionTest - test setup complete.
22:14:57.343 [Test worker] INFO  c.m.s.s.MarkLogicRepositoryConnectionTest - tearDown complete.
22:14:57.430 [Test worker] INFO  c.m.s.s.MarkLogicRepositoryConnectionTest - test setup complete.
22:14:57.896 [Test worker] INFO  c.m.s.s.MarkLogicRepositoryConnectionTest - tearDown complete.
22:14:57.933 [Finalizer] INFO  c.m.c.i.DatabaseClientImpl - Releasing connection
22:14:57.987 [Test worker] INFO  c.m.s.s.MarkLogicRepositoryConnectionTest - test setup complete.
22:15:00.431 [Test worker] INFO  c.m.s.s.MarkLogicRepositoryConnectionTest - tearDown complete.
22:15:00.518 [Test worker] INFO  c.m.s.s.MarkLogicRepositoryConnectionTest - test setup complete.
22:15:07.660 [Test worker] INFO  c.m.s.s.MarkLogicRepositoryConnectionTest - tearDown complete.
22:15:07.751 [Test worker] INFO  c.m.s.s.MarkLogicRepositoryConnectionTest - test setup complete.
22:15:09.286 [Test worker] INFO  c.m.s.s.MarkLogicRepositoryConnectionTest - tearDown complete.
22:15:09.369 [Finalizer] INFO  c.m.c.i.DatabaseClientImpl - Releasing connection
22:15:09.381 [Test worker] INFO  c.m.s.s.MarkLogicRepositoryConnectionTest - test setup complete.
22:15:10.061 [Test worker] INFO  c.m.s.s.MarkLogicRepositoryConnectionTest - tearDown complete.
22:15:10.153 [Test worker] INFO  c.m.s.s.MarkLogicRepositoryConnectionTest - test setup complete.
22:15:11.425 [Test worker] INFO  c.m.s.s.MarkLogicRepositoryConnectionTest - tearDown complete.
22:15:11.482 [Finalizer] INFO  c.m.c.i.DatabaseClientImpl - Releasing connection
22:15:11.513 [Test worker] INFO  c.m.s.s.MarkLogicRepositoryConnectionTest - test setup complete.
22:15:13.711 [Test worker] INFO  c.m.s.s.MarkLogicRepositoryConnectionTest - tearDown complete.
22:15:13.799 [Test worker] INFO  c.m.s.s.MarkLogicRepositoryConnectionTest - test setup complete.
22:15:15.364 [Test worker] INFO  c.m.s.s.MarkLogicRepositoryConnectionTest - lang:false
22:15:15.420 [Test worker] INFO  c.m.s.s.MarkLogicRepositoryConnectionTest - tearDown complete.
</pre>
</span>
</div>
</div>
<div id="footer">
<p>
<div>
<label class="hidden" id="label-for-line-wrapping-toggle" for="line-wrapping-toggle">Wrap lines
<input id="line-wrapping-toggle" type="checkbox" autocomplete="off"/>
</label>
</div>Generated by 
<a href="http://www.gradle.org">Gradle 2.3</a> at Apr 4, 2016 10:16:59 PM</p>
</div>
</div>
</body>
</html>
